<?xml version="1.0" encoding="UTF-8" ?>
<testsuite tests="8" failures="0" name="eu.europa.ec.rdg.eris.document.common.StringUtilTest" time="0" errors="0" skipped="0">
  <properties>
[...]
</properties>
  <testcase classname="eu.europa.ec.rdg.eris.document.common.StringUtilTest" name="shouldNotChangeValidString" time="0"/>
  <testcase classname="eu.europa.ec.rdg.eris.document.common.StringUtilTest" name="shouldHasIllegalCharactersReturnFalseWithEmptyString" time="0"/>
  <testcase classname="eu.europa.ec.rdg.eris.document.common.StringUtilTest" name="shouldConvertToValidStringNotAcceptNull" time="0"/>
  <testcase classname="eu.europa.ec.rdg.eris.document.common.StringUtilTest" name="shouldConvertToValidStringWithEmptyString" time="0"/>
  <testcase classname="eu.europa.ec.rdg.eris.document.common.StringUtilTest" name="shoulHasIllegalCharactersdNotAcceptNull" time="0"/>
  <testcase classname="eu.europa.ec.rdg.eris.document.common.StringUtilTest" name="shouldGetValidString" time="0"/>
  <testcase classname="eu.europa.ec.rdg.eris.document.common.StringUtilTest" name="shouldHasIllegalCharactersReturnTrueForInvalidString" time="0"/>
  <testcase classname="eu.europa.ec.rdg.eris.document.common.StringUtilTest" name="shouldHasIllegalCharactersReturnFalseForValidString" time="0"/>
</testsuite>